C51 COMPILER V9.60.0.0   MAIN                                                              08/21/2023 08:28:29 PAGE 1   


C51 COMPILER V9.60.0.0, COMPILATION OF MODULE MAIN
OBJECT MODULE PLACED IN .\Objects\main.obj
COMPILER INVOKED BY: C:\Keil_v5\C51\BIN\C51.EXE main.c OPTIMIZE(8,SPEED) BROWSE DEBUG OBJECTEXTEND PRINT(.\Listings\main
                    -.lst) TABS(2) OBJECT(.\Objects\main.obj)

line level    source

   1          #include <REGX52.H>
   2          
   3          //Giao tiep I2c
   4          
   5          #define SCL    P3_0
   6          #define SDA    P3_1
   7          //define setup
   8          #define set    P3_3
   9          #define mode   P3_4
  10          #define tang   P3_5
  11          #define giam   P3_6
  12          //Ham lien quan den delay
  13          void delay_us(unsigned int t){
  14   1        unsigned int i;
  15   1        for(i=0;i<t;i++);
  16   1      }
  17          void delay_ms(unsigned int t){
  18   1        unsigned int i,j;
  19   1        for(i=0;i<t;i++)
  20   1          for(j=0;j<125;j++);;
  21   1      }
  22          void I2C_time_start(){
  23   1                SCL = 1;
  24   1                SDA = 1;
  25   1                SDA = 0;
  26   1                SCL = 0;
  27   1      }
  28          void I2C_time_stop(){
  29   1                SCL = 1;
  30   1                SDA = 0;
  31   1                SDA=1;
  32   1                SCL=1;
  33   1      }
  34          void I2C_write(unsigned char dat){
  35   1                unsigned char i;
  36   1                for (i=0;i<8;i++){
  37   2                          SDA = (dat & 0x80); ///? 1:0;
  38   2                          SCL=1;
  39   2                          SCL=0;
  40   2                          dat<<=1;
  41   2                }
  42   1                SCL = 1;
  43   1                SCL = 0;
  44   1      }
  45          unsigned char I2C_read(void){
  46   1                int rd_bit;
  47   1                unsigned char i, dat;
  48   1                dat = 0x00;
  49   1                for(i=0;i<8;i++){ /* For loop read data 1 byte */
  50   2                          SCL = 1;
  51   2                          rd_bit = SDA; /* Keep for check acknowledge */
  52   2                          dat = dat<<1;
  53   2                          dat = dat | rd_bit; /* Keep bit data in dat */
  54   2                          SCL = 0; /* Clear SCL */
C51 COMPILER V9.60.0.0   MAIN                                                              08/21/2023 08:28:29 PAGE 2   

  55   2                }
  56   1                return dat;
  57   1      }
  58          //Ham lien quan den ds1307
  59          #define Dia_chi_DS1307 0x68
  60          #define DS1307_Thanh_ghi_Giay 0x00
  61          #define DS1307_Thanh_ghi_Phut 0x01
  62          #define DS1307_Thanh_ghi_Gio 0x02
  63          #define DS1307_Thanh_ghi_Thu 0x03
  64          #define DS1307_Thanh_ghi_Ngay 0x04
  65          #define DS1307_Thanh_ghi_Thang 0x05
  66          #define DS1307_Thanh_ghi_Nam 0x06
  67          #define DS1307_Thanh_ghi_Dieu_khien 0x07
  68          #define DS1307_Nghin_Tram_Nam 0x10
  69          typedef struct {
  70            unsigned int giay;
  71            unsigned int phut;
  72            unsigned int gio;
  73            unsigned int thu;
  74            unsigned int ngay;
  75            unsigned int thang;
  76            unsigned int nam;
  77          }DS1307_STRUCT;
  78          DS1307_STRUCT ds1307;
  79          //Hàm giai mã tu BCD sang DEC
  80          unsigned int DS1307_DecodeBCD(unsigned int bin) {
  81   1      return (((bin & 0xf0) >> 4) * 10) + (bin & 0x0f);
  82   1      }
  83          //Hàm chuyen mã tu DEC sang BCD
  84          unsigned int DS1307_EncodeBCD(unsigned int dec) {
  85   1        return (dec % 10 + ((dec / 10) << 4));
  86   1      }
  87          void DS1307_Ghi_Dulieu(int Dia_chi_thanh_ghi, int Gia_tri){
  88   1          
  89   1                I2C_time_start(); /* time_start i2c bus */
  90   1                I2C_write(Dia_chi_DS1307 << 1); /* Connect to DS1307 */
  91   1                I2C_write(Dia_chi_thanh_ghi); /* Requetime_5 RAM address on DS1307 */
  92   1                I2C_write(Gia_tri);
  93   1                I2C_time_stop();
  94   1      }
  95          int DS1307_Doc_Dulieu(int Dia_chi_thanh_ghi) {
  96   1          unsigned int val;
  97   1                I2C_time_start(); /* time_start i2c bus */
  98   1                I2C_write(0xD0); /* Connect to DS1307 */
  99   1                I2C_write(Dia_chi_thanh_ghi); /* Requetime_5 RAM address on DS1307 */
 100   1                I2C_time_start(); /* time_start i2c bus */
 101   1                I2C_write(0XD1); /* Connect to DS1307 for Read */
 102   1                val = I2C_read(); /* Receive data */
 103   1                I2C_time_stop();
 104   1          return val;
 105   1      }
 106          void DS1307_Cai_dat_Thoi_gian(int gio_24,int phut,int
 107          giay,int thu,int ngay,int thang, int nam){
 108   1          DS1307_Ghi_Dulieu(DS1307_Thanh_ghi_Giay, DS1307_EncodeBCD(giay));
 109   1          DS1307_Ghi_Dulieu(DS1307_Thanh_ghi_Phut, DS1307_EncodeBCD(phut));
 110   1          DS1307_Ghi_Dulieu(DS1307_Thanh_ghi_Gio, DS1307_EncodeBCD(gio_24 &
 111   1          0x3f));
 112   1          DS1307_Ghi_Dulieu(DS1307_Thanh_ghi_Thu,DS1307_EncodeBCD(thu));
 113   1          DS1307_Ghi_Dulieu(DS1307_Thanh_ghi_Ngay,DS1307_EncodeBCD(ngay));
 114   1          DS1307_Ghi_Dulieu(DS1307_Thanh_ghi_Thang,DS1307_EncodeBCD(thang));
 115   1          DS1307_Ghi_Dulieu(DS1307_Nghin_Tram_Nam ,nam / 100);
 116   1          DS1307_Ghi_Dulieu(DS1307_Thanh_ghi_Nam,DS1307_EncodeBCD(nam% 100));
C51 COMPILER V9.60.0.0   MAIN                                                              08/21/2023 08:28:29 PAGE 3   

 117   1      }
 118          void DS1307_Doc_Thoi_gian(){
 119   1          unsigned int cen; //Lay 2 so hang nghin va tram cua nam cai dat
 120   1          ds1307.giay=DS1307_DecodeBCD(DS1307_Doc_Dulieu(DS1307_Thanh_ghi_Giay) & 0x7f);
 121   1          ds1307.phut=DS1307_DecodeBCD(DS1307_Doc_Dulieu(DS1307_Thanh_ghi_Phut));
 122   1          ds1307.gio=DS1307_DecodeBCD(DS1307_Doc_Dulieu(DS1307_Thanh_ghi_Gio) & 0x3f);
 123   1          ds1307.thu=DS1307_DecodeBCD(DS1307_Doc_Dulieu(DS1307_Thanh_ghi_Thu));
 124   1          ds1307.ngay=DS1307_DecodeBCD(DS1307_Doc_Dulieu(DS1307_Thanh_ghi_Ngay));
 125   1          ds1307.thang=DS1307_DecodeBCD(DS1307_Doc_Dulieu(DS1307_Thanh_ghi_Thang));
 126   1          cen = DS1307_Doc_Dulieu(DS1307_Nghin_Tram_Nam ) * 100;
 127   1          ds1307.nam=DS1307_DecodeBCD(DS1307_Doc_Dulieu(DS1307_Thanh_ghi_Nam)) + cen;
 128   1      }
 129          
 130          //Ham lien quan den LCD
 131          #define LCD_RS P2_0
 132          #define LCD_RW P2_1
 133          #define LCD_EN P2_2
 134          #define LCD_D0 P0_0
 135          #define LCD_D1 P0_1
 136          #define LCD_D2 P0_2
 137          #define LCD_D3 P0_3
 138          #define LCD_D4 P0_4
 139          #define LCD_D5 P0_5
 140          #define LCD_D6 P0_6
 141          #define LCD_D7 P0_7
 142          
 143          #define Dia_chi_LCD 0x4E // Ðia chi mac dinh cua modul
 144          
 145          void LCD_DATA(unsigned int datas){
 146   1          LCD_D0 = (datas&0x01);
 147   1          LCD_D1 = ((datas>>1)&0x01);
 148   1          LCD_D2 = ((datas>>2)&0x01);
 149   1          LCD_D3 = ((datas>>3)&0x01);
 150   1          LCD_D4 = ((datas>>4)&0x01);
 151   1          LCD_D5 = ((datas>>5)&0x01);
 152   1          LCD_D6 = ((datas>>6)&0x01);
 153   1          LCD_D7 = ((datas>>7)&0x01);
 154   1      }
 155          void Lcd_Ghi_Lenh (unsigned int command){
 156   1          LCD_RS = 0; //RS=0
 157   1          LCD_RW = 0; //LCD_RW=0;
 158   1          LCD_EN = 1; //LCD_EN = 1;
 159   1          LCD_DATA(command);
 160   1          LCD_EN = 0; //LCD_EN=0;
 161   1          delay_ms(10); //10ms
 162   1      }
 163          void Lcd_Ghi_Dulieu (unsigned char datas){
 164   1          LCD_RS = 1; //RS=1
 165   1          LCD_RW = 0; //LCD_RW=0;
 166   1          LCD_EN = 1; //LCD_EN = 1;
 167   1          LCD_DATA(datas);
 168   1          LCD_EN = 0; //LCD_EN=0;
 169   1          delay_ms(10); //10ms
 170   1      }
 171          void lcd_init (void){
 172   1      Lcd_Ghi_Lenh(0x03); //Bat dau
 173   1      Lcd_Ghi_Lenh(0x02); // tro ve dau dong
 174   1      Lcd_Ghi_Lenh(0x38);// Giao ti?p v?i VÐK b?ng 4 chân
 175   1      Lcd_Ghi_Lenh(0x06);// T? d?ng dua con tr? d?n v? trí ti?p theo
 176   1      Lcd_Ghi_Lenh(0x0c);// B?t hi?n th?, t?t con tr?
 177   1      Lcd_Ghi_Lenh(0x01); // Xóa màn hình
 178   1      }
C51 COMPILER V9.60.0.0   MAIN                                                              08/21/2023 08:28:29 PAGE 4   

 179          void Lcd_Ghi_Chuoi (char *str){
 180   1          while (*str) Lcd_Ghi_Dulieu (*str++);
 181   1      }
 182          
 183          void Lcd_xoa_manhinh (void){
 184   1          Lcd_Ghi_Lenh (0x01); //xoa man hinh
 185   1      }
 186          void LCD_PutNumber(int number){
 187   1        if(number <= 9)
 188   1        {
 189   2          Lcd_Ghi_Dulieu(number + 48);
 190   2        }
 191   1        else if(number > 9 && number < 100)
 192   1        {
 193   2          Lcd_Ghi_Dulieu(number/10 + 48);
 194   2          Lcd_Ghi_Dulieu(number%10 + 48);
 195   2        }
 196   1        else if(number > 99 && number < 1000)
 197   1        {
 198   2          Lcd_Ghi_Dulieu(number/100 + 48);
 199   2          Lcd_Ghi_Dulieu(number/10%10 + 48);
 200   2          Lcd_Ghi_Dulieu(number%10 + 48);
 201   2        }
 202   1        else if(number > 999 && number < 10000)
 203   1        {
 204   2          Lcd_Ghi_Dulieu(number/1000 + 48);
 205   2          Lcd_Ghi_Dulieu(number/100%10 + 48);
 206   2          Lcd_Ghi_Dulieu(number/10%10 + 48);
 207   2          Lcd_Ghi_Dulieu(number%10 + 48);
 208   2        }
 209   1        
 210   1      }
 211          void day(int d) {
 212   1          switch (d) {
 213   2              case 0:
 214   2                  Lcd_Ghi_Lenh(0x8c);
 215   2                  Lcd_Ghi_Chuoi("DAY");
 216   2                  break;
 217   2              case 1:
 218   2                  Lcd_Ghi_Lenh(0x8c);
 219   2                  Lcd_Ghi_Chuoi("SUN");
 220   2                  break;
 221   2              case 2:
 222   2                  Lcd_Ghi_Lenh(0x8c);
 223   2                  Lcd_Ghi_Chuoi("MON");
 224   2                  break;
 225   2              case 3:
 226   2                  Lcd_Ghi_Lenh(0x8c);
 227   2                  Lcd_Ghi_Chuoi("TUE");
 228   2                  break;
 229   2              case 4:
 230   2                  Lcd_Ghi_Lenh(0x8c);
 231   2                  Lcd_Ghi_Chuoi("WED");
 232   2                  break;
 233   2              case 5:
 234   2                 Lcd_Ghi_Lenh(0x8c);
 235   2                  Lcd_Ghi_Chuoi("THU");
 236   2                  break;
 237   2              case 6:
 238   2                  Lcd_Ghi_Lenh(0x8c);
 239   2                  Lcd_Ghi_Chuoi("FRI");
 240   2                  break;
C51 COMPILER V9.60.0.0   MAIN                                                              08/21/2023 08:28:29 PAGE 5   

 241   2              case 7:
 242   2                  Lcd_Ghi_Lenh(0x8c);
 243   2                  Lcd_Ghi_Chuoi("SAT");
 244   2                  break;
 245   2          }
 246   1      }
 247          void hien_thi(){
 248   1        Lcd_Ghi_Lenh(0x80);//Dong 1
 249   1          LCD_PutNumber(ds1307.gio);
 250   1          Lcd_Ghi_Chuoi(" ");
 251   1          Lcd_Ghi_Dulieu (':');
 252   1          Lcd_Ghi_Lenh(0x84);
 253   1          LCD_PutNumber(ds1307.phut);
 254   1          Lcd_Ghi_Chuoi(" ");
 255   1          Lcd_Ghi_Dulieu (':');
 256   1          Lcd_Ghi_Lenh(0x88);
 257   1          LCD_PutNumber(ds1307.giay);
 258   1          Lcd_Ghi_Chuoi(" ");
 259   1          day(ds1307.thu);
 260   1          Lcd_Ghi_Lenh(0xC0);//Dong 2
 261   1          LCD_PutNumber(ds1307.ngay);
 262   1          Lcd_Ghi_Chuoi(" ");
 263   1          Lcd_Ghi_Dulieu ('/');
 264   1          Lcd_Ghi_Lenh(0xC4);
 265   1          LCD_PutNumber(ds1307.thang);
 266   1          Lcd_Ghi_Chuoi(" ");
 267   1          Lcd_Ghi_Dulieu ('/');
 268   1          Lcd_Ghi_Lenh(0xC8);
 269   1          LCD_PutNumber(ds1307.nam);
 270   1        delay_ms(200);
 271   1      }
 272          void hienthi(){
 273   1          Lcd_Ghi_Lenh(0x80);//Dong 1
 274   1          LCD_PutNumber(ds1307.gio);
 275   1          Lcd_Ghi_Chuoi(" ");
 276   1          Lcd_Ghi_Dulieu (':');
 277   1          Lcd_Ghi_Lenh(0x84);
 278   1          LCD_PutNumber(ds1307.phut);
 279   1          Lcd_Ghi_Chuoi(" ");
 280   1          Lcd_Ghi_Dulieu (':');
 281   1          Lcd_Ghi_Lenh(0x88);
 282   1          LCD_PutNumber(ds1307.giay);
 283   1          Lcd_Ghi_Chuoi(" ");
 284   1          day(ds1307.thu);
 285   1          Lcd_Ghi_Lenh(0xC0);//Dong 2
 286   1          LCD_PutNumber(ds1307.ngay);
 287   1          Lcd_Ghi_Chuoi(" ");
 288   1          Lcd_Ghi_Dulieu ('/');
 289   1          Lcd_Ghi_Lenh(0xC4);
 290   1          LCD_PutNumber(ds1307.thang);
 291   1          Lcd_Ghi_Chuoi(" ");
 292   1          Lcd_Ghi_Dulieu ('/');
 293   1          Lcd_Ghi_Lenh(0xC8);
 294   1          LCD_PutNumber(ds1307.nam);
 295   1        delay_ms(200);
 296   1      }
 297          unsigned int nam =0;
 298          unsigned int thang =0;
 299          unsigned int ngay = 0;
 300          unsigned int thu = 0;
 301          unsigned int gio =0;
 302          unsigned int phut =0;
C51 COMPILER V9.60.0.0   MAIN                                                              08/21/2023 08:28:29 PAGE 6   

 303          unsigned int giay =0;
 304           int set_count =0;
 305           int mode_count = 0;
 306          void cai_dat(){
 307   1        while(1){
 308   2          if(mode == 0){
 309   3          while(mode == 0);
 310   3            mode_count++;
 311   3          }
 312   2          if(mode_count == 0){//set nam
 313   3            
 314   3            Lcd_Ghi_Lenh(0x80);//Dong 1
 315   3            Lcd_Ghi_Chuoi("Set nam       ");
 316   3            Lcd_Ghi_Lenh(0xC0);//Dong 2
 317   3            LCD_PutNumber(nam);
 318   3            Lcd_Ghi_Chuoi("      ");
 319   3            if(tang == 0){
 320   4              while(tang == 0);
 321   4              nam++;
 322   4              if(nam > 2099) nam =2000;
 323   4            }
 324   3            if(giam == 0){
 325   4              while(giam == 0);
 326   4              nam--;
 327   4              if(nam < 2000) nam =2099;
 328   4            }
 329   3        
 330   3          }else if(mode_count ==1 ){//set thang
 331   3            Lcd_Ghi_Lenh(0x80);//Dong 1
 332   3            Lcd_Ghi_Chuoi("Set thang       ");
 333   3            Lcd_Ghi_Lenh(0xC0);//Dong 2
 334   3            LCD_PutNumber(thang);
 335   3            Lcd_Ghi_Chuoi("      ");
 336   3            if(tang == 0){
 337   4              while(tang == 0);
 338   4              thang++;
 339   4              if(thang > 12) thang =0;
 340   4            }
 341   3            if(giam == 0){
 342   4              while(giam == 0);
 343   4              thang--;
 344   4              if(thang < 0) thang =12;
 345   4            }
 346   3          }else if(mode_count == 2){//set ngay
 347   3      
 348   3            Lcd_Ghi_Lenh(0x80);//Dong 1
 349   3            Lcd_Ghi_Chuoi("Set ngay         ");
 350   3            Lcd_Ghi_Lenh(0xC0);//Dong 2
 351   3            LCD_PutNumber(ngay);
 352   3            Lcd_Ghi_Chuoi("      ");
 353   3            if(tang == 0){
 354   4              while(tang == 0);
 355   4              ngay++;
 356   4              if(ngay > 31) ngay =0;
 357   4            }
 358   3            if(giam == 0){
 359   4              while(giam == 0);
 360   4              ngay--;
 361   4              if(ngay < 0) ngay =31;
 362   4            }
 363   3          }else if(mode_count ==3 ){//set thu
 364   3            
C51 COMPILER V9.60.0.0   MAIN                                                              08/21/2023 08:28:29 PAGE 7   

 365   3            Lcd_Ghi_Lenh(0x80);//Dong 1
 366   3            Lcd_Ghi_Chuoi("Set thu     ");
 367   3            Lcd_Ghi_Lenh(0xC0);//Dong 2
 368   3            Lcd_Ghi_Chuoi("                ");
 369   3            day(thu);
 370   3            if(tang == 0){
 371   4              while(tang == 0);
 372   4              thu++;
 373   4              if(thu > 7) thu =0;
 374   4            }
 375   3            if(giam == 0){
 376   4              while(giam == 0);
 377   4              thu--;
 378   4              if(thu < 0) thu = 7;
 379   4            }
 380   3          }else if(mode_count == 4){//set gio
 381   3            
 382   3            Lcd_Ghi_Lenh(0x80);//Dong 1
 383   3            Lcd_Ghi_Chuoi("Set gio        ");
 384   3            Lcd_Ghi_Lenh(0xC0);//Dong 2
 385   3            LCD_PutNumber(gio);
 386   3            Lcd_Ghi_Chuoi("      ");
 387   3            if(tang == 0){
 388   4              while(tang == 0);
 389   4              gio++;
 390   4              if(gio > 24) gio =0;
 391   4            }
 392   3            if(giam == 0){
 393   4              while(giam == 0);
 394   4              gio--;
 395   4              if(gio < 0) nam =24;
 396   4            }
 397   3          }else if(mode_count ==5 ){//set phut
 398   3            Lcd_Ghi_Lenh(0x80);//Dong 1
 399   3            Lcd_Ghi_Chuoi("Set phut        ");
 400   3            Lcd_Ghi_Lenh(0xC0);//Dong 2
 401   3            LCD_PutNumber(phut);
 402   3            Lcd_Ghi_Chuoi("      ");
 403   3            if(tang == 0){
 404   4              while(tang == 0);
 405   4              phut++;
 406   4              if(phut > 60) phut =0;
 407   4            }
 408   3            if(giam == 0){
 409   4              while(giam == 0);
 410   4              phut--;
 411   4              if(phut < 0) phut =60;
 412   4            }
 413   3          }else if(mode_count == 6){//set giay
 414   3            Lcd_Ghi_Lenh(0x80);//Dong 1
 415   3            Lcd_Ghi_Chuoi("Set giay        ");
 416   3            Lcd_Ghi_Lenh(0xC0);//Dong 2
 417   3            LCD_PutNumber(giay);
 418   3            Lcd_Ghi_Chuoi("      ");
 419   3            if(tang == 0){
 420   4              while(tang == 0);
 421   4              giay++;
 422   4              if(giay > 60) giay =0;
 423   4            }
 424   3            if(giam == 0){
 425   4              while(giam == 0);
 426   4              giay--;
C51 COMPILER V9.60.0.0   MAIN                                                              08/21/2023 08:28:29 PAGE 8   

 427   4              if(giay < 0) giay =60;
 428   4            }
 429   3          }else {//save and exit
 430   3            DS1307_Cai_dat_Thoi_gian(gio, phut, giay, thu, ngay, thang, nam);
 431   3            set_count=0;
 432   3            mode_count=0;
 433   3            Lcd_xoa_manhinh();
 434   3            break;
 435   3          }
 436   2      }}
 437          void gan_giatri(){
 438   1        nam  = ds1307.nam;
 439   1        thang= ds1307.thang;
 440   1        ngay = ds1307.ngay;
 441   1        thu  = ds1307.thu;
 442   1        gio  = ds1307.gio;
 443   1        phut = ds1307.phut;
 444   1        giay = ds1307.giay;
 445   1      }
 446          void main(){
 447   1        //cai dat thoi gian
 448   1        ///DS1307_Cai_dat_Thoi_gian(02, 02,02, 2,01,2,2022);
 449   1        lcd_init();
 450   1        while(1){
 451   2        if(P3_3 == 0){
 452   3          while(P3_3 == 0);
 453   3          set_count++;
 454   3        }
 455   2        if(set_count == 0){
 456   3          DS1307_Doc_Thoi_gian(); 
 457   3          gan_giatri();
 458   3          delay_ms(100);
 459   3          hienthi();
 460   3        }else{
 461   3          Lcd_xoa_manhinh();
 462   3          cai_dat();
 463   3        }
 464   2      }
 465   1      }


MODULE INFORMATION:   STATIC OVERLAYABLE
   CODE SIZE        =   2348    ----
   CONSTANT SIZE    =    171    ----
   XDATA SIZE       =   ----    ----
   PDATA SIZE       =   ----    ----
   DATA SIZE        =     32      19
   IDATA SIZE       =   ----    ----
   BIT SIZE         =   ----    ----
END OF MODULE INFORMATION.


C51 COMPILATION COMPLETE.  0 WARNING(S),  0 ERROR(S)
